[debug] [2025-11-01T17:38:23.831Z] ----------------------------------------------------------------------
[debug] [2025-11-01T17:38:23.833Z] Command:       /Users/prakash/.nvm/versions/node/v22.21.1/bin/node /Users/prakash/Library/Caches/pnpm/dlx/0bd4b8cba1f7752b72a4e19d301f12822deaee0a63c84a895aae16c549db75c2/19a407c1a67-16282/node_modules/.pnpm/firebase-tools@14.23.0_@types+node@24.9.2_encoding@0.1.13_typescript@5.9.3/node_modules/firebase-tools/lib/bin/firebase.js deploy --project satsang-afbf9
[debug] [2025-11-01T17:38:23.833Z] CLI Version:   14.23.0
[debug] [2025-11-01T17:38:23.833Z] Platform:      darwin
[debug] [2025-11-01T17:38:23.833Z] Node Version:  v22.21.1
[debug] [2025-11-01T17:38:23.833Z] Time:          Sat Nov 01 2025 23:08:23 GMT+0530 (India Standard Time)
[debug] [2025-11-01T17:38:23.833Z] ----------------------------------------------------------------------
[debug] 
[debug] [2025-11-01T17:38:23.930Z] > command requires scopes: ["email","openid","https://www.googleapis.com/auth/cloudplatformprojects.readonly","https://www.googleapis.com/auth/firebase","https://www.googleapis.com/auth/cloud-platform"]
[debug] [2025-11-01T17:38:23.930Z] > authorizing via signed-in user (underlitigationcom@gmail.com)
[debug] [2025-11-01T17:38:23.930Z] [iam] checking project satsang-afbf9 for permissions ["firebase.projects.get","firebasehosting.sites.update"]
[debug] [2025-11-01T17:38:23.931Z] Checked if tokens are valid: true, expires at: 1762021655380
[debug] [2025-11-01T17:38:23.931Z] Checked if tokens are valid: true, expires at: 1762021655380
[debug] [2025-11-01T17:38:23.931Z] >>> [apiv2][query] POST https://cloudresourcemanager.googleapis.com/v1/projects/satsang-afbf9:testIamPermissions [none]
[debug] [2025-11-01T17:38:23.931Z] >>> [apiv2][(partial)header] POST https://cloudresourcemanager.googleapis.com/v1/projects/satsang-afbf9:testIamPermissions x-goog-quota-user=projects/satsang-afbf9
[debug] [2025-11-01T17:38:23.931Z] >>> [apiv2][body] POST https://cloudresourcemanager.googleapis.com/v1/projects/satsang-afbf9:testIamPermissions {"permissions":["firebase.projects.get","firebasehosting.sites.update"]}
[debug] [2025-11-01T17:38:25.423Z] <<< [apiv2][status] POST https://cloudresourcemanager.googleapis.com/v1/projects/satsang-afbf9:testIamPermissions 200
[debug] [2025-11-01T17:38:25.423Z] <<< [apiv2][body] POST https://cloudresourcemanager.googleapis.com/v1/projects/satsang-afbf9:testIamPermissions {"permissions":["firebase.projects.get","firebasehosting.sites.update"]}
[debug] [2025-11-01T17:38:25.424Z] Checked if tokens are valid: true, expires at: 1762021655380
[debug] [2025-11-01T17:38:25.424Z] Checked if tokens are valid: true, expires at: 1762021655380
[debug] [2025-11-01T17:38:25.424Z] >>> [apiv2][query] GET https://firebase.googleapis.com/v1beta1/projects/satsang-afbf9 [none]
[debug] [2025-11-01T17:38:26.125Z] <<< [apiv2][status] GET https://firebase.googleapis.com/v1beta1/projects/satsang-afbf9 200
[debug] [2025-11-01T17:38:26.126Z] <<< [apiv2][body] GET https://firebase.googleapis.com/v1beta1/projects/satsang-afbf9 {"projectId":"satsang-afbf9","projectNumber":"184930024829","displayName":"satsang","name":"projects/satsang-afbf9","resources":{"hostingSite":"satsang-afbf9"},"state":"ACTIVE","etag":"1_4f7e4a91-f110-41a5-8efa-2ed787acf9f5"}
[info] 
   Thank you for trying our early preview of Next.js support on Firebase Hosting.
   During the preview, support is best-effort and breaking changes can be expected. Proceed with caution.
   The integration is known to work with Next.js version 12 - 15.0. You may encounter errors.

   Documentation: https://firebase.google.com/docs/hosting/frameworks/nextjs
   File a bug: https://github.com/firebase/firebase-tools/issues/new?template=bug_report.md
   Submit a feature request: https://github.com/firebase/firebase-tools/issues/new?template=feature_request.md

   We'd love to learn from you. Express your interest in helping us shape the future of Firebase Hosting: https://goo.gle/41enW5X

[debug] [2025-11-01T17:38:31.632Z] Checked if tokens are valid: true, expires at: 1762021655380
[debug] [2025-11-01T17:38:31.633Z] Checked if tokens are valid: true, expires at: 1762021655380
[debug] [2025-11-01T17:38:31.633Z] >>> [apiv2][query] GET https://firebasehosting.googleapis.com/v1beta1/projects/satsang-afbf9/sites/satsang-afbf9 [none]
[debug] [2025-11-01T17:38:32.661Z] <<< [apiv2][status] GET https://firebasehosting.googleapis.com/v1beta1/projects/satsang-afbf9/sites/satsang-afbf9 200
[debug] [2025-11-01T17:38:32.661Z] <<< [apiv2][body] GET https://firebasehosting.googleapis.com/v1beta1/projects/satsang-afbf9/sites/satsang-afbf9 {"name":"projects/satsang-afbf9/sites/satsang-afbf9","defaultUrl":"https://satsang-afbf9.web.app","type":"DEFAULT_SITE"}
[info]    ▲ Next.js 15.5.2

[info]    - Environments: .env.local, .env


[info]    Creating an optimized production build ...

[info]  ✓ Compiled successfully in 6.4s

[info]    Linting and checking validity of types ...

[info] Failed to compile.


[info] ./hooks/useWakeLock.ts:15:9
Type error: Unused '@ts-expect-error' directive.

  13 |     const requestWakeLock = async () => {
  14 |       try {
> 15 |         // @ts-expect-error Wake Lock may not be in lib.dom types in all environments
     |         ^
  16 |         if (navigator && 'wakeLock' in navigator && document.visibilityState === 'visible') {
  17 |           // @ts-expect-error see above
  18 |           sentinel = await navigator.wakeLock.request('screen');

[info] Next.js build worker exited with code: 1 and signal: null

[debug] [2025-11-01T17:38:43.830Z] Error: ENOENT: no such file or directory, open '/Users/prakash/Documents/satsang/satsangapp/.next/export-marker.json'
[error] 
[error] Error: An unexpected error has occurred.
[debug] [2025-11-01T17:39:45.920Z] ----------------------------------------------------------------------
[debug] [2025-11-01T17:39:45.921Z] Command:       /Users/prakash/.nvm/versions/node/v22.21.1/bin/node /Users/prakash/Library/Caches/pnpm/dlx/0bd4b8cba1f7752b72a4e19d301f12822deaee0a63c84a895aae16c549db75c2/19a407c1a67-16282/node_modules/.pnpm/firebase-tools@14.23.0_@types+node@24.9.2_encoding@0.1.13_typescript@5.9.3/node_modules/firebase-tools/lib/bin/firebase.js deploy --project satsang-afbf9
[debug] [2025-11-01T17:39:45.922Z] CLI Version:   14.23.0
[debug] [2025-11-01T17:39:45.922Z] Platform:      darwin
[debug] [2025-11-01T17:39:45.922Z] Node Version:  v22.21.1
[debug] [2025-11-01T17:39:45.922Z] Time:          Sat Nov 01 2025 23:09:45 GMT+0530 (India Standard Time)
[debug] [2025-11-01T17:39:45.922Z] ----------------------------------------------------------------------
[debug] 
[debug] [2025-11-01T17:39:46.011Z] > command requires scopes: ["email","openid","https://www.googleapis.com/auth/cloudplatformprojects.readonly","https://www.googleapis.com/auth/firebase","https://www.googleapis.com/auth/cloud-platform"]
[debug] [2025-11-01T17:39:46.012Z] > authorizing via signed-in user (underlitigationcom@gmail.com)
[debug] [2025-11-01T17:39:46.012Z] [iam] checking project satsang-afbf9 for permissions ["firebase.projects.get","firebasehosting.sites.update"]
[debug] [2025-11-01T17:39:46.012Z] Checked if tokens are valid: true, expires at: 1762021655380
[debug] [2025-11-01T17:39:46.012Z] Checked if tokens are valid: true, expires at: 1762021655380
[debug] [2025-11-01T17:39:46.013Z] >>> [apiv2][query] POST https://cloudresourcemanager.googleapis.com/v1/projects/satsang-afbf9:testIamPermissions [none]
[debug] [2025-11-01T17:39:46.013Z] >>> [apiv2][(partial)header] POST https://cloudresourcemanager.googleapis.com/v1/projects/satsang-afbf9:testIamPermissions x-goog-quota-user=projects/satsang-afbf9
[debug] [2025-11-01T17:39:46.013Z] >>> [apiv2][body] POST https://cloudresourcemanager.googleapis.com/v1/projects/satsang-afbf9:testIamPermissions {"permissions":["firebase.projects.get","firebasehosting.sites.update"]}
[debug] [2025-11-01T17:39:47.435Z] <<< [apiv2][status] POST https://cloudresourcemanager.googleapis.com/v1/projects/satsang-afbf9:testIamPermissions 200
[debug] [2025-11-01T17:39:47.435Z] <<< [apiv2][body] POST https://cloudresourcemanager.googleapis.com/v1/projects/satsang-afbf9:testIamPermissions {"permissions":["firebase.projects.get","firebasehosting.sites.update"]}
[debug] [2025-11-01T17:39:47.436Z] Checked if tokens are valid: true, expires at: 1762021655380
[debug] [2025-11-01T17:39:47.436Z] Checked if tokens are valid: true, expires at: 1762021655380
[debug] [2025-11-01T17:39:47.436Z] >>> [apiv2][query] GET https://firebase.googleapis.com/v1beta1/projects/satsang-afbf9 [none]
[debug] [2025-11-01T17:39:48.053Z] <<< [apiv2][status] GET https://firebase.googleapis.com/v1beta1/projects/satsang-afbf9 200
[debug] [2025-11-01T17:39:48.053Z] <<< [apiv2][body] GET https://firebase.googleapis.com/v1beta1/projects/satsang-afbf9 {"projectId":"satsang-afbf9","projectNumber":"184930024829","displayName":"satsang","name":"projects/satsang-afbf9","resources":{"hostingSite":"satsang-afbf9"},"state":"ACTIVE","etag":"1_4f7e4a91-f110-41a5-8efa-2ed787acf9f5"}
[info] 
   Thank you for trying our early preview of Next.js support on Firebase Hosting.
   During the preview, support is best-effort and breaking changes can be expected. Proceed with caution.
   The integration is known to work with Next.js version 12 - 15.0. You may encounter errors.

   Documentation: https://firebase.google.com/docs/hosting/frameworks/nextjs
   File a bug: https://github.com/firebase/firebase-tools/issues/new?template=bug_report.md
   Submit a feature request: https://github.com/firebase/firebase-tools/issues/new?template=feature_request.md

   We'd love to learn from you. Express your interest in helping us shape the future of Firebase Hosting: https://goo.gle/41enW5X

[debug] [2025-11-01T17:39:53.520Z] Checked if tokens are valid: true, expires at: 1762021655380
[debug] [2025-11-01T17:39:53.520Z] Checked if tokens are valid: true, expires at: 1762021655380
[debug] [2025-11-01T17:39:53.520Z] >>> [apiv2][query] GET https://firebasehosting.googleapis.com/v1beta1/projects/satsang-afbf9/sites/satsang-afbf9 [none]
[debug] [2025-11-01T17:39:54.499Z] <<< [apiv2][status] GET https://firebasehosting.googleapis.com/v1beta1/projects/satsang-afbf9/sites/satsang-afbf9 200
[debug] [2025-11-01T17:39:54.500Z] <<< [apiv2][body] GET https://firebasehosting.googleapis.com/v1beta1/projects/satsang-afbf9/sites/satsang-afbf9 {"name":"projects/satsang-afbf9/sites/satsang-afbf9","defaultUrl":"https://satsang-afbf9.web.app","type":"DEFAULT_SITE"}
[info]    ▲ Next.js 15.5.2

[info]    - Environments: .env.local, .env


[info]    Creating an optimized production build ...

[info]  ✓ Compiled successfully in 8.1s

[info]    Linting and checking validity of types ...

[info] 
Failed to compile.

[info] 
./app/(app)/layout.tsx
15:79  Error: Replace `⏎··········{companyName}⏎········` with `{companyName}`  prettier/prettier

./components/app/session-view.tsx
16:10  Error: Insert `useWakeLock·}·from·'@/hooks/useWakeLock';⏎import·{·`  prettier/prettier
17:63  Error: Delete `';⏎import·{·useWakeLock·}·from·'@/hooks/useWakeLock`  prettier/prettier

./components/app/welcome-view.tsx
44:1  Error: Delete `⏎······⏎`  prettier/prettier

info  - Need to disable some ESLint rules? Learn more here: https://nextjs.org/docs/app/api-reference/config/eslint#disabling-rules

[debug] [2025-11-01T17:40:09.698Z] Error: ENOENT: no such file or directory, open '/Users/prakash/Documents/satsang/satsangapp/.next/export-marker.json'
[error] 
[error] Error: An unexpected error has occurred.
[debug] [2025-11-01T17:41:49.406Z] ----------------------------------------------------------------------
[debug] [2025-11-01T17:41:49.407Z] Command:       /Users/prakash/.nvm/versions/node/v22.21.1/bin/node /Users/prakash/Library/Caches/pnpm/dlx/0bd4b8cba1f7752b72a4e19d301f12822deaee0a63c84a895aae16c549db75c2/19a407c1a67-16282/node_modules/.pnpm/firebase-tools@14.23.0_@types+node@24.9.2_encoding@0.1.13_typescript@5.9.3/node_modules/firebase-tools/lib/bin/firebase.js deploy --project satsang-afbf9
[debug] [2025-11-01T17:41:49.407Z] CLI Version:   14.23.0
[debug] [2025-11-01T17:41:49.407Z] Platform:      darwin
[debug] [2025-11-01T17:41:49.407Z] Node Version:  v22.21.1
[debug] [2025-11-01T17:41:49.407Z] Time:          Sat Nov 01 2025 23:11:49 GMT+0530 (India Standard Time)
[debug] [2025-11-01T17:41:49.407Z] ----------------------------------------------------------------------
[debug] 
[debug] [2025-11-01T17:41:49.494Z] > command requires scopes: ["email","openid","https://www.googleapis.com/auth/cloudplatformprojects.readonly","https://www.googleapis.com/auth/firebase","https://www.googleapis.com/auth/cloud-platform"]
[debug] [2025-11-01T17:41:49.494Z] > authorizing via signed-in user (underlitigationcom@gmail.com)
[debug] [2025-11-01T17:41:49.494Z] [iam] checking project satsang-afbf9 for permissions ["firebase.projects.get","firebasehosting.sites.update"]
[debug] [2025-11-01T17:41:49.495Z] Checked if tokens are valid: true, expires at: 1762021655380
[debug] [2025-11-01T17:41:49.495Z] Checked if tokens are valid: true, expires at: 1762021655380
[debug] [2025-11-01T17:41:49.495Z] >>> [apiv2][query] POST https://cloudresourcemanager.googleapis.com/v1/projects/satsang-afbf9:testIamPermissions [none]
[debug] [2025-11-01T17:41:49.495Z] >>> [apiv2][(partial)header] POST https://cloudresourcemanager.googleapis.com/v1/projects/satsang-afbf9:testIamPermissions x-goog-quota-user=projects/satsang-afbf9
[debug] [2025-11-01T17:41:49.495Z] >>> [apiv2][body] POST https://cloudresourcemanager.googleapis.com/v1/projects/satsang-afbf9:testIamPermissions {"permissions":["firebase.projects.get","firebasehosting.sites.update"]}
[debug] [2025-11-01T17:41:50.913Z] <<< [apiv2][status] POST https://cloudresourcemanager.googleapis.com/v1/projects/satsang-afbf9:testIamPermissions 200
[debug] [2025-11-01T17:41:50.914Z] <<< [apiv2][body] POST https://cloudresourcemanager.googleapis.com/v1/projects/satsang-afbf9:testIamPermissions {"permissions":["firebase.projects.get","firebasehosting.sites.update"]}
[debug] [2025-11-01T17:41:50.914Z] Checked if tokens are valid: true, expires at: 1762021655380
[debug] [2025-11-01T17:41:50.914Z] Checked if tokens are valid: true, expires at: 1762021655380
[debug] [2025-11-01T17:41:50.914Z] >>> [apiv2][query] GET https://firebase.googleapis.com/v1beta1/projects/satsang-afbf9 [none]
[debug] [2025-11-01T17:41:51.602Z] <<< [apiv2][status] GET https://firebase.googleapis.com/v1beta1/projects/satsang-afbf9 200
[debug] [2025-11-01T17:41:51.602Z] <<< [apiv2][body] GET https://firebase.googleapis.com/v1beta1/projects/satsang-afbf9 {"projectId":"satsang-afbf9","projectNumber":"184930024829","displayName":"satsang","name":"projects/satsang-afbf9","resources":{"hostingSite":"satsang-afbf9"},"state":"ACTIVE","etag":"1_4f7e4a91-f110-41a5-8efa-2ed787acf9f5"}
[info] 
   Thank you for trying our early preview of Next.js support on Firebase Hosting.
   During the preview, support is best-effort and breaking changes can be expected. Proceed with caution.
   The integration is known to work with Next.js version 12 - 15.0. You may encounter errors.

   Documentation: https://firebase.google.com/docs/hosting/frameworks/nextjs
   File a bug: https://github.com/firebase/firebase-tools/issues/new?template=bug_report.md
   Submit a feature request: https://github.com/firebase/firebase-tools/issues/new?template=feature_request.md

   We'd love to learn from you. Express your interest in helping us shape the future of Firebase Hosting: https://goo.gle/41enW5X

[debug] [2025-11-01T17:41:57.068Z] Checked if tokens are valid: true, expires at: 1762021655380
[debug] [2025-11-01T17:41:57.068Z] Checked if tokens are valid: true, expires at: 1762021655380
[debug] [2025-11-01T17:41:57.068Z] >>> [apiv2][query] GET https://firebasehosting.googleapis.com/v1beta1/projects/satsang-afbf9/sites/satsang-afbf9 [none]
[debug] [2025-11-01T17:41:58.067Z] <<< [apiv2][status] GET https://firebasehosting.googleapis.com/v1beta1/projects/satsang-afbf9/sites/satsang-afbf9 200
[debug] [2025-11-01T17:41:58.067Z] <<< [apiv2][body] GET https://firebasehosting.googleapis.com/v1beta1/projects/satsang-afbf9/sites/satsang-afbf9 {"name":"projects/satsang-afbf9/sites/satsang-afbf9","defaultUrl":"https://satsang-afbf9.web.app","type":"DEFAULT_SITE"}
[info]    ▲ Next.js 15.5.2

[info]    - Environments: .env.local, .env


[info]    Creating an optimized production build ...

[info]  ✓ Compiled successfully in 8.0s

[info]    Linting and checking validity of types ...

[info] 
Failed to compile.

./components/app/session-view.tsx
16:10  Error: Replace `cn·}·from·'@/lib/utils';⏎import·{·useWakeLock·}·from·'@/hooks/useWakeLock` with `useWakeLock·}·from·'@/hooks/useWakeLock';⏎import·{·cn·}·from·'@/lib/utils`  prettier/prettier

./components/app/welcome-view.tsx
44:5  Error: Delete `··⏎····`  prettier/prettier

info  - Need to disable some ESLint rules? Learn more here: https://nextjs.org/docs/app/api-reference/config/eslint#disabling-rules

[debug] [2025-11-01T17:42:10.397Z] Error: ENOENT: no such file or directory, open '/Users/prakash/Documents/satsang/satsangapp/.next/export-marker.json'
[error] 
[error] Error: An unexpected error has occurred.
